{
  "0 debug pnpm:scope": {
    "selected": 1
  },
  "1 info pnpm": {
    "err": {
      "name": "Error",
      "message": "not found: ad",
      "code": "ENOENT",
      "stack": "Error: not found: ad\n    at getNotFoundError (D:\\Users\\xuke\\AppData\\Roaming\\nvm\\v14.18.0\\node_modules\\pnpm\\dist\\pnpm.cjs:48497:51)\n    at Function.whichSync [as sync] (D:\\Users\\xuke\\AppData\\Roaming\\nvm\\v14.18.0\\node_modules\\pnpm\\dist\\pnpm.cjs:48574:13)\n    at getCommandAbsolutePathSync (D:\\Users\\xuke\\AppData\\Roaming\\nvm\\v14.18.0\\node_modules\\pnpm\\dist\\pnpm.cjs:50139:44)\n    at default_1 (D:\\Users\\xuke\\AppData\\Roaming\\nvm\\v14.18.0\\node_modules\\pnpm\\dist\\pnpm.cjs:50148:32)\n    at D:\\Users\\xuke\\AppData\\Roaming\\nvm\\v14.18.0\\node_modules\\pnpm\\dist\\pnpm.cjs:129799:39"
    }
  },
  "2 error pnpm": {
    "code": "ERR_PNPM_RECURSIVE_EXEC_FIRST_FAIL",
    "prefix": "D:\\Users\\xuke\\Project\\things",
    "err": {
      "name": "pnpm",
      "message": "not found: ad",
      "code": "ERR_PNPM_RECURSIVE_EXEC_FIRST_FAIL",
      "stack": "Error: not found: ad\n    at getNotFoundError (D:\\Users\\xuke\\AppData\\Roaming\\nvm\\v14.18.0\\node_modules\\pnpm\\dist\\pnpm.cjs:48497:51)\n    at Function.whichSync [as sync] (D:\\Users\\xuke\\AppData\\Roaming\\nvm\\v14.18.0\\node_modules\\pnpm\\dist\\pnpm.cjs:48574:13)\n    at getCommandAbsolutePathSync (D:\\Users\\xuke\\AppData\\Roaming\\nvm\\v14.18.0\\node_modules\\pnpm\\dist\\pnpm.cjs:50139:44)\n    at default_1 (D:\\Users\\xuke\\AppData\\Roaming\\nvm\\v14.18.0\\node_modules\\pnpm\\dist\\pnpm.cjs:50148:32)\n    at D:\\Users\\xuke\\AppData\\Roaming\\nvm\\v14.18.0\\node_modules\\pnpm\\dist\\pnpm.cjs:129799:39"
    }
  }
}